<?xml version="1.0" encoding="UTF-8"?>
<!-- Generated by org.testng.reporters.JUnitReportReporter -->
<testsuite skipped="0" hostname="KANDANTHIVYASKANEENI" name="com.logo.qa.testcases.LoginPageTest" tests="3" failures="0" timestamp="25 Nov 2020 06:46:04 GMT" time="37.886" errors="0">
  <testcase name="loginTitleTest" time="10.195" classname="com.logo.qa.testcases.LoginPageTest"/>
  <testcase name="loginImageTest" time="11.928" classname="com.logo.qa.testcases.LoginPageTest"/>
  <testcase name="loginTest" time="15.763" classname="com.logo.qa.testcases.LoginPageTest"/>
</testsuite> <!-- com.logo.qa.testcases.LoginPageTest -->
